D:\DEV\SOCCERSERVICE\DEBUG\SOCCERSERVICE.EXE
D:\DEV\SOCCERSERVICE\DEBUG\SOCCERSERVICE.ILK
D:\DEV\SOCCERSERVICE\DEBUG\SOCCERSERVICE.PDB
D:\dev\SoccerService\SoccerService\Debug\cl.command.1.tlog
D:\dev\SoccerService\SoccerService\Debug\CL.read.1.tlog
D:\dev\SoccerService\SoccerService\Debug\CL.write.1.tlog
D:\DEV\SOCCERSERVICE\SOCCERSERVICE\DEBUG\GLOBAL.OBJ
D:\dev\SoccerService\SoccerService\Debug\link.4996.read.1.tlog
D:\dev\SoccerService\SoccerService\Debug\link.4996.write.1.tlog
D:\dev\SoccerService\SoccerService\Debug\link.4996-cvtres.read.1.tlog
D:\dev\SoccerService\SoccerService\Debug\link.4996-cvtres.write.1.tlog
D:\dev\SoccerService\SoccerService\Debug\link.command.1.tlog
D:\dev\SoccerService\SoccerService\Debug\link.read.1.tlog
D:\dev\SoccerService\SoccerService\Debug\link.write.1.tlog
D:\dev\SoccerService\SoccerService\Debug\link-cvtres.read.1.tlog
D:\dev\SoccerService\SoccerService\Debug\link-cvtres.write.1.tlog
D:\dev\SoccerService\SoccerService\Debug\mt.command.1.tlog
D:\dev\SoccerService\SoccerService\Debug\mt.read.1.tlog
D:\dev\SoccerService\SoccerService\Debug\mt.write.1.tlog
D:\dev\SoccerService\SoccerService\Debug\rc.command.1.tlog
D:\dev\SoccerService\SoccerService\Debug\rc.read.1.tlog
D:\dev\SoccerService\SoccerService\Debug\rc.write.1.tlog
D:\DEV\SOCCERSERVICE\SOCCERSERVICE\DEBUG\SOCCERSERVICE.EXE.EMBED.MANIFEST
D:\DEV\SOCCERSERVICE\SOCCERSERVICE\DEBUG\SOCCERSERVICE.EXE.EMBED.MANIFEST.RES
D:\DEV\SOCCERSERVICE\SOCCERSERVICE\DEBUG\SOCCERSERVICE.EXE.INTERMEDIATE.MANIFEST
D:\DEV\SOCCERSERVICE\SOCCERSERVICE\DEBUG\SOCCERSERVICE.OBJ
D:\DEV\SOCCERSERVICE\SOCCERSERVICE\DEBUG\SOCCERSERVICE.PCH
D:\dev\SoccerService\SoccerService\Debug\SoccerService_manifest.rc
D:\DEV\SOCCERSERVICE\SOCCERSERVICE\DEBUG\STDAFX.OBJ
D:\DEV\SOCCERSERVICE\SOCCERSERVICE\DEBUG\UTIL.OBJ
D:\dev\SoccerService\SoccerService\Debug\vc100.idb
D:\DEV\SOCCERSERVICE\SOCCERSERVICE\DEBUG\VC100.PDB
D:\DEV\SOCCERSERVICE\SOCCERSERVICE\DEBUG\WXZCOMPANY.OBJ
D:\DEV\SOCCERSERVICE\SOCCERSERVICE\DEBUG\WXZEVENT.OBJ
D:\DEV\SOCCERSERVICE\SOCCERSERVICE\DEBUG\WXZHTTP.OBJ
D:\DEV\SOCCERSERVICE\SOCCERSERVICE\DEBUG\WXZMATCH.OBJ
D:\DEV\SOCCERSERVICE\SOCCERSERVICE\DEBUG\WXZTEAM.OBJ
